2022-01-24 00:01:48.936  INFO 16156 --- [restartedMain] com.ssafy.GroupCallApplication           : Starting GroupCallApplication using Java 1.8.0_192 on DESKTOP-KVCQHCD with PID 16156 (C:\PJT1\week2\S06P12A306\backend\build\classes\java\main started by SSAFY in C:\PJT1\week2\S06P12A306\backend)
2022-01-24 00:01:48.943  INFO 16156 --- [restartedMain] com.ssafy.GroupCallApplication           : No active profile set, falling back to default profiles: default
2022-01-24 00:01:48.998  INFO 16156 --- [restartedMain] .e.DevToolsPropertyDefaultsPostProcessor : Devtools property defaults active! Set 'spring.devtools.add-properties' to 'false' to disable
2022-01-24 00:01:48.999  INFO 16156 --- [restartedMain] .e.DevToolsPropertyDefaultsPostProcessor : For additional web related logging consider setting the 'logging.level.web' property to 'DEBUG'
2022-01-24 00:01:50.358  INFO 16156 --- [restartedMain] .s.d.r.c.RepositoryConfigurationDelegate : Bootstrapping Spring Data JPA repositories in DEFAULT mode.
2022-01-24 00:01:50.477  INFO 16156 --- [restartedMain] .s.d.r.c.RepositoryConfigurationDelegate : Finished Spring Data repository scanning in 110 ms. Found 6 JPA repository interfaces.
2022-01-24 00:01:50.854  INFO 16156 --- [restartedMain] trationDelegate$BeanPostProcessorChecker : Bean 'org.springframework.security.access.expression.method.DefaultMethodSecurityExpressionHandler@679adb90' of type [org.springframework.security.access.expression.method.DefaultMethodSecurityExpressionHandler] is not eligible for getting processed by all BeanPostProcessors (for example: not eligible for auto-proxying)
2022-01-24 00:01:50.860  INFO 16156 --- [restartedMain] trationDelegate$BeanPostProcessorChecker : Bean 'methodSecurityMetadataSource' of type [org.springframework.security.access.method.DelegatingMethodSecurityMetadataSource] is not eligible for getting processed by all BeanPostProcessors (for example: not eligible for auto-proxying)
2022-01-24 00:01:51.196  INFO 16156 --- [restartedMain] o.s.b.w.embedded.tomcat.TomcatWebServer  : Tomcat initialized with port(s): 8080 (http)
2022-01-24 00:01:51.205  INFO 16156 --- [restartedMain] o.apache.catalina.core.StandardService   : Starting service [Tomcat]
2022-01-24 00:01:51.205  INFO 16156 --- [restartedMain] org.apache.catalina.core.StandardEngine  : Starting Servlet engine: [Apache Tomcat/9.0.45]
2022-01-24 00:01:51.330  INFO 16156 --- [restartedMain] o.a.c.c.C.[Tomcat].[localhost].[/]       : Initializing Spring embedded WebApplicationContext
2022-01-24 00:01:51.330  INFO 16156 --- [restartedMain] w.s.c.ServletWebServerApplicationContext : Root WebApplicationContext: initialization completed in 2330 ms
2022-01-24 00:01:51.504 DEBUG 16156 --- [restartedMain] o.s.web.filter.CharacterEncodingFilter   : Filter 'characterEncodingFilter' configured for use
2022-01-24 00:01:51.504 DEBUG 16156 --- [restartedMain] o.s.w.f.CommonsRequestLoggingFilter      : Filter 'commonsRequestLoggingFilter' configured for use
2022-01-24 00:01:51.747  INFO 16156 --- [restartedMain] o.hibernate.jpa.internal.util.LogHelper  : HHH000204: Processing PersistenceUnitInfo [name: default]
2022-01-24 00:01:51.809  INFO 16156 --- [restartedMain] org.hibernate.Version                    : HHH000412: Hibernate ORM core version 5.4.30.Final
2022-01-24 00:01:52.063  INFO 16156 --- [restartedMain] o.hibernate.annotations.common.Version   : HCANN000001: Hibernate Commons Annotations {5.1.2.Final}
2022-01-24 00:01:52.423  INFO 16156 --- [restartedMain] com.zaxxer.hikari.HikariDataSource       : HikariPool-1 - Starting...
2022-01-24 00:01:52.881  INFO 16156 --- [restartedMain] com.zaxxer.hikari.HikariDataSource       : HikariPool-1 - Start completed.
2022-01-24 00:01:52.903  INFO 16156 --- [restartedMain] org.hibernate.dialect.Dialect            : HHH000400: Using dialect: org.hibernate.dialect.MySQL57Dialect
2022-01-24 00:01:54.104  INFO 16156 --- [restartedMain] o.h.e.t.j.p.i.JtaPlatformInitiator       : HHH000490: Using JtaPlatform implementation: [org.hibernate.engine.transaction.jta.platform.internal.NoJtaPlatform]
2022-01-24 00:01:54.115  INFO 16156 --- [restartedMain] j.LocalContainerEntityManagerFactoryBean : Initialized JPA EntityManagerFactory for persistence unit 'default'
2022-01-24 00:01:54.153  INFO 16156 --- [restartedMain] o.s.b.d.a.OptionalLiveReloadServer       : LiveReload server is running on port 35729
2022-01-24 00:01:54.924  WARN 16156 --- [restartedMain] JpaBaseConfiguration$JpaWebConfiguration : spring.jpa.open-in-view is enabled by default. Therefore, database queries may be performed during view rendering. Explicitly configure spring.jpa.open-in-view to disable this warning
2022-01-24 00:01:55.201 DEBUG 16156 --- [restartedMain] s.w.s.m.m.a.RequestMappingHandlerMapping : 9 mappings in 'requestMappingHandlerMapping'
2022-01-24 00:01:55.299  INFO 16156 --- [restartedMain] o.s.b.a.e.web.EndpointLinksResolver      : Exposing 2 endpoint(s) beneath base path '/actuator'
2022-01-24 00:01:55.434  INFO 16156 --- [restartedMain] .s.s.UserDetailsServiceAutoConfiguration : 

Using generated security password: a2f8d20a-f37b-42b9-a4fa-37403b779fc3

2022-01-24 00:01:55.518  INFO 16156 --- [restartedMain] o.s.s.web.DefaultSecurityFilterChain     : Will secure any request with [org.springframework.security.web.context.request.async.WebAsyncManagerIntegrationFilter@a818434, org.springframework.security.web.context.SecurityContextPersistenceFilter@14782c4c, org.springframework.security.web.header.HeaderWriterFilter@9c726d3, org.springframework.web.filter.CorsFilter@1ba7c56, org.springframework.security.web.authentication.logout.LogoutFilter@50cc31a9, org.springframework.security.web.savedrequest.RequestCacheAwareFilter@1fae40ee, org.springframework.security.web.servletapi.SecurityContextHolderAwareRequestFilter@3daefd56, org.springframework.security.web.authentication.AnonymousAuthenticationFilter@2d41d56f, org.springframework.security.web.session.SessionManagementFilter@f5d761f, org.springframework.security.web.access.ExceptionTranslationFilter@20ac24c8, org.springframework.security.web.access.intercept.FilterSecurityInterceptor@303640c5]
2022-01-24 00:01:55.689  INFO 16156 --- [restartedMain] o.s.s.concurrent.ThreadPoolTaskExecutor  : Initializing ExecutorService 'applicationTaskExecutor'
2022-01-24 00:01:55.703 DEBUG 16156 --- [restartedMain] s.w.s.m.m.a.RequestMappingHandlerAdapter : ControllerAdvice beans: 0 @ModelAttribute, 0 @InitBinder, 1 RequestBodyAdvice, 1 ResponseBodyAdvice
2022-01-24 00:01:55.726  INFO 16156 --- [restartedMain] o.s.b.a.w.s.WelcomePageHandlerMapping    : Adding welcome page: class path resource [dist/index.html]
2022-01-24 00:01:55.740 DEBUG 16156 --- [restartedMain] o.s.w.s.handler.SimpleUrlHandlerMapping  : Patterns [/swagger-ui/] in 'viewControllerHandlerMapping'
2022-01-24 00:01:55.754 DEBUG 16156 --- [restartedMain] o.s.w.s.c.annotation.WebMvcConfigurer    : Default resource handling disabled
2022-01-24 00:01:55.979 DEBUG 16156 --- [restartedMain] o.s.w.s.handler.SimpleUrlHandlerMapping  : Patterns [/resources/**, /swagger-ui.html, /webjars/**, /css/**, /fonts/**, /icons/**, /img/**, /js/**, /swagger-ui/**] in 'resourceHandlerMapping'
2022-01-24 00:01:55.988 DEBUG 16156 --- [restartedMain] .m.m.a.ExceptionHandlerExceptionResolver : ControllerAdvice beans: 1 @ExceptionHandler, 1 ResponseBodyAdvice
2022-01-24 00:01:56.229  INFO 16156 --- [restartedMain] o.s.b.w.embedded.tomcat.TomcatWebServer  : Tomcat started on port(s): 8080 (http) with context path ''
2022-01-24 00:01:56.386  INFO 16156 --- [restartedMain] com.ssafy.GroupCallApplication           : Started GroupCallApplication in 7.871 seconds (JVM running for 9.52)
2022-01-24 00:01:57.002  INFO 16156 --- [RMI TCP Connection(7)-172.30.1.53] o.a.c.c.C.[Tomcat].[localhost].[/]       : Initializing Spring DispatcherServlet 'dispatcherServlet'
2022-01-24 00:01:57.002  INFO 16156 --- [RMI TCP Connection(7)-172.30.1.53] o.s.web.servlet.DispatcherServlet        : Initializing Servlet 'dispatcherServlet'
2022-01-24 00:01:57.002 DEBUG 16156 --- [RMI TCP Connection(7)-172.30.1.53] o.s.web.servlet.DispatcherServlet        : Detected StandardServletMultipartResolver
2022-01-24 00:01:57.002 DEBUG 16156 --- [RMI TCP Connection(7)-172.30.1.53] o.s.web.servlet.DispatcherServlet        : Detected AcceptHeaderLocaleResolver
2022-01-24 00:01:57.002 DEBUG 16156 --- [RMI TCP Connection(7)-172.30.1.53] o.s.web.servlet.DispatcherServlet        : Detected FixedThemeResolver
2022-01-24 00:01:57.003 DEBUG 16156 --- [RMI TCP Connection(7)-172.30.1.53] o.s.web.servlet.DispatcherServlet        : Detected org.springframework.web.servlet.view.DefaultRequestToViewNameTranslator@33712873
2022-01-24 00:01:57.004 DEBUG 16156 --- [RMI TCP Connection(7)-172.30.1.53] o.s.web.servlet.DispatcherServlet        : Detected org.springframework.web.servlet.support.SessionFlashMapManager@520020f3
2022-01-24 00:01:57.004 DEBUG 16156 --- [RMI TCP Connection(7)-172.30.1.53] o.s.web.servlet.DispatcherServlet        : enableLoggingRequestDetails='false': request parameters and headers will be masked to prevent unsafe logging of potentially sensitive data
2022-01-24 00:01:57.004  INFO 16156 --- [RMI TCP Connection(7)-172.30.1.53] o.s.web.servlet.DispatcherServlet        : Completed initialization in 2 ms
2022-01-24 00:03:06.916 DEBUG 16156 --- [http-nio-127.0.0.1-8080-exec-1] o.s.w.f.CommonsRequestLoggingFilter      : Before request [POST /api/v1/auth/join, client=127.0.0.1, headers=[host:"localhost:8080", connection:"keep-alive", content-length:"157", sec-ch-ua:""Whale";v="3", " Not;A Brand";v="99", "Chromium";v="96"", accept:"*/*", sec-ch-ua-mobile:"?0", user-agent:"Mozilla/5.0 (Windows NT 10.0; Win64; x64) AppleWebKit/537.36 (KHTML, like Gecko) Chrome/96.0.4664.110 Whale/3.12.129.46 Safari/537.36", sec-ch-ua-platform:""Windows"", origin:"http://localhost:8080", sec-fetch-site:"same-origin", sec-fetch-mode:"cors", sec-fetch-dest:"empty", referer:"http://localhost:8080/swagger-ui/index.html", accept-encoding:"gzip, deflate, br", accept-language:"ko-KR,ko;q=0.9,en-US;q=0.8,en;q=0.7", Content-Type:"application/json;charset=ISO-8859-1"]]
2022-01-24 00:03:06.918 DEBUG 16156 --- [http-nio-127.0.0.1-8080-exec-1] o.s.web.servlet.DispatcherServlet        : POST "/api/v1/auth/join", parameters={}
2022-01-24 00:03:06.920 DEBUG 16156 --- [http-nio-127.0.0.1-8080-exec-1] s.w.s.m.m.a.RequestMappingHandlerMapping : Mapped to com.ssafy.api.auth.controller.AuthController#join(AuthCreationRequestDto, HttpServletResponse)
2022-01-24 00:03:06.956 DEBUG 16156 --- [http-nio-127.0.0.1-8080-exec-1] m.m.a.RequestResponseBodyMethodProcessor : Read "application/json;charset=UTF-8" to [com.ssafy.api.auth.dto.request.AuthCreationRequestDto@5ffd1ea2]
2022-01-24 00:03:48.177  WARN 16156 --- [HikariPool-1 housekeeper] com.zaxxer.hikari.pool.HikariPool        : HikariPool-1 - Thread starvation or clock leap detected (housekeeper delta=55s179ms38µs700ns).
2022-01-24 00:05:33.000 DEBUG 16156 --- [http-nio-127.0.0.1-8080-exec-1] o.s.w.r.f.client.ExchangeFunctions       : [2cd07a1c] HTTP POST https://kapi.kakao.com/v2/user/me?secure_resource=false
2022-01-24 00:05:33.964 DEBUG 16156 --- [reactor-http-nio-2] o.s.w.r.f.client.ExchangeFunctions       : [2cd07a1c] [c387f722-1] Response 400 BAD_REQUEST
2022-01-24 00:05:34.006 DEBUG 16156 --- [http-nio-127.0.0.1-8080-exec-1] o.s.web.servlet.DispatcherServlet        : Failed to complete request: java.lang.IllegalArgumentException: 액세스토큰실패
2022-01-24 00:05:34.008 DEBUG 16156 --- [http-nio-127.0.0.1-8080-exec-1] o.s.w.f.CommonsRequestLoggingFilter      : After request [POST /api/v1/auth/join, client=127.0.0.1, headers=[host:"localhost:8080", connection:"keep-alive", content-length:"157", sec-ch-ua:""Whale";v="3", " Not;A Brand";v="99", "Chromium";v="96"", accept:"*/*", sec-ch-ua-mobile:"?0", user-agent:"Mozilla/5.0 (Windows NT 10.0; Win64; x64) AppleWebKit/537.36 (KHTML, like Gecko) Chrome/96.0.4664.110 Whale/3.12.129.46 Safari/537.36", sec-ch-ua-platform:""Windows"", origin:"http://localhost:8080", sec-fetch-site:"same-origin", sec-fetch-mode:"cors", sec-fetch-dest:"empty", referer:"http://localhost:8080/swagger-ui/index.html", accept-encoding:"gzip, deflate, br", accept-language:"ko-KR,ko;q=0.9,en-US;q=0.8,en;q=0.7", Content-Type:"application/json;charset=UTF-8"], payload={
  "accessToken": "w2dCmnhFhK_plUF2YcYiQ6vZphp2H9YRIQUbiNqdOliMlJZwXc0HJxsNRQKfcsD049yIUQo9dVwAAAF-h3XgiQ",
  "nickname": "string",
  "oauthType": "KAKAO"
}]
2022-01-24 00:05:36.140  INFO 16156 --- [SpringContextShutdownHook] o.s.s.concurrent.ThreadPoolTaskExecutor  : Shutting down ExecutorService 'applicationTaskExecutor'
2022-01-24 00:05:36.145  INFO 16156 --- [SpringContextShutdownHook] j.LocalContainerEntityManagerFactoryBean : Closing JPA EntityManagerFactory for persistence unit 'default'
2022-01-24 00:05:36.148  INFO 16156 --- [SpringContextShutdownHook] com.zaxxer.hikari.HikariDataSource       : HikariPool-1 - Shutdown initiated...
2022-01-24 00:05:36.155  INFO 16156 --- [SpringContextShutdownHook] com.zaxxer.hikari.HikariDataSource       : HikariPool-1 - Shutdown completed.
2022-01-24 00:06:00.189  INFO 15932 --- [restartedMain] com.ssafy.GroupCallApplication           : Starting GroupCallApplication using Java 1.8.0_192 on DESKTOP-KVCQHCD with PID 15932 (C:\PJT1\week2\S06P12A306\backend\build\classes\java\main started by SSAFY in C:\PJT1\week2\S06P12A306\backend)
2022-01-24 00:06:00.192  INFO 15932 --- [restartedMain] com.ssafy.GroupCallApplication           : No active profile set, falling back to default profiles: default
2022-01-24 00:06:00.243  INFO 15932 --- [restartedMain] .e.DevToolsPropertyDefaultsPostProcessor : Devtools property defaults active! Set 'spring.devtools.add-properties' to 'false' to disable
2022-01-24 00:06:00.244  INFO 15932 --- [restartedMain] .e.DevToolsPropertyDefaultsPostProcessor : For additional web related logging consider setting the 'logging.level.web' property to 'DEBUG'
2022-01-24 00:06:01.657  INFO 15932 --- [restartedMain] .s.d.r.c.RepositoryConfigurationDelegate : Bootstrapping Spring Data JPA repositories in DEFAULT mode.
2022-01-24 00:06:01.754  INFO 15932 --- [restartedMain] .s.d.r.c.RepositoryConfigurationDelegate : Finished Spring Data repository scanning in 90 ms. Found 6 JPA repository interfaces.
2022-01-24 00:06:02.131  INFO 15932 --- [restartedMain] trationDelegate$BeanPostProcessorChecker : Bean 'org.springframework.security.access.expression.method.DefaultMethodSecurityExpressionHandler@5d8a0b81' of type [org.springframework.security.access.expression.method.DefaultMethodSecurityExpressionHandler] is not eligible for getting processed by all BeanPostProcessors (for example: not eligible for auto-proxying)
2022-01-24 00:06:02.136  INFO 15932 --- [restartedMain] trationDelegate$BeanPostProcessorChecker : Bean 'methodSecurityMetadataSource' of type [org.springframework.security.access.method.DelegatingMethodSecurityMetadataSource] is not eligible for getting processed by all BeanPostProcessors (for example: not eligible for auto-proxying)
2022-01-24 00:06:02.442  INFO 15932 --- [restartedMain] o.s.b.w.embedded.tomcat.TomcatWebServer  : Tomcat initialized with port(s): 8080 (http)
2022-01-24 00:06:02.451  INFO 15932 --- [restartedMain] o.apache.catalina.core.StandardService   : Starting service [Tomcat]
2022-01-24 00:06:02.451  INFO 15932 --- [restartedMain] org.apache.catalina.core.StandardEngine  : Starting Servlet engine: [Apache Tomcat/9.0.45]
2022-01-24 00:06:02.594  INFO 15932 --- [restartedMain] o.a.c.c.C.[Tomcat].[localhost].[/]       : Initializing Spring embedded WebApplicationContext
2022-01-24 00:06:02.595  INFO 15932 --- [restartedMain] w.s.c.ServletWebServerApplicationContext : Root WebApplicationContext: initialization completed in 2350 ms
2022-01-24 00:06:02.782 DEBUG 15932 --- [restartedMain] o.s.web.filter.CharacterEncodingFilter   : Filter 'characterEncodingFilter' configured for use
2022-01-24 00:06:02.782 DEBUG 15932 --- [restartedMain] o.s.w.f.CommonsRequestLoggingFilter      : Filter 'commonsRequestLoggingFilter' configured for use
2022-01-24 00:06:03.079  INFO 15932 --- [restartedMain] o.hibernate.jpa.internal.util.LogHelper  : HHH000204: Processing PersistenceUnitInfo [name: default]
2022-01-24 00:06:03.142  INFO 15932 --- [restartedMain] org.hibernate.Version                    : HHH000412: Hibernate ORM core version 5.4.30.Final
2022-01-24 00:06:03.361  INFO 15932 --- [restartedMain] o.hibernate.annotations.common.Version   : HCANN000001: Hibernate Commons Annotations {5.1.2.Final}
2022-01-24 00:06:03.544  INFO 15932 --- [restartedMain] com.zaxxer.hikari.HikariDataSource       : HikariPool-1 - Starting...
2022-01-24 00:06:03.873  INFO 15932 --- [restartedMain] com.zaxxer.hikari.HikariDataSource       : HikariPool-1 - Start completed.
2022-01-24 00:06:03.892  INFO 15932 --- [restartedMain] org.hibernate.dialect.Dialect            : HHH000400: Using dialect: org.hibernate.dialect.MySQL57Dialect
2022-01-24 00:06:04.958  INFO 15932 --- [restartedMain] o.h.e.t.j.p.i.JtaPlatformInitiator       : HHH000490: Using JtaPlatform implementation: [org.hibernate.engine.transaction.jta.platform.internal.NoJtaPlatform]
2022-01-24 00:06:04.973  INFO 15932 --- [restartedMain] j.LocalContainerEntityManagerFactoryBean : Initialized JPA EntityManagerFactory for persistence unit 'default'
2022-01-24 00:06:05.033  INFO 15932 --- [restartedMain] o.s.b.d.a.OptionalLiveReloadServer       : LiveReload server is running on port 35729
2022-01-24 00:06:06.087  WARN 15932 --- [restartedMain] JpaBaseConfiguration$JpaWebConfiguration : spring.jpa.open-in-view is enabled by default. Therefore, database queries may be performed during view rendering. Explicitly configure spring.jpa.open-in-view to disable this warning
2022-01-24 00:06:06.335 DEBUG 15932 --- [restartedMain] s.w.s.m.m.a.RequestMappingHandlerMapping : 9 mappings in 'requestMappingHandlerMapping'
2022-01-24 00:06:06.439  INFO 15932 --- [restartedMain] o.s.b.a.e.web.EndpointLinksResolver      : Exposing 2 endpoint(s) beneath base path '/actuator'
2022-01-24 00:06:06.567  INFO 15932 --- [restartedMain] .s.s.UserDetailsServiceAutoConfiguration : 

Using generated security password: 2c75fad8-cf1e-4dcf-a237-dc88084b7b09

2022-01-24 00:06:06.643  INFO 15932 --- [restartedMain] o.s.s.web.DefaultSecurityFilterChain     : Will secure any request with [org.springframework.security.web.context.request.async.WebAsyncManagerIntegrationFilter@6e6e41bf, org.springframework.security.web.context.SecurityContextPersistenceFilter@6efe9d95, org.springframework.security.web.header.HeaderWriterFilter@6622a762, org.springframework.web.filter.CorsFilter@6fd92251, org.springframework.security.web.authentication.logout.LogoutFilter@67864bdb, org.springframework.security.web.savedrequest.RequestCacheAwareFilter@32e47417, org.springframework.security.web.servletapi.SecurityContextHolderAwareRequestFilter@5fc8db2f, org.springframework.security.web.authentication.AnonymousAuthenticationFilter@5128d7ed, org.springframework.security.web.session.SessionManagementFilter@3da46efd, org.springframework.security.web.access.ExceptionTranslationFilter@634a9c74, org.springframework.security.web.access.intercept.FilterSecurityInterceptor@1d253248]
2022-01-24 00:06:06.796  INFO 15932 --- [restartedMain] o.s.s.concurrent.ThreadPoolTaskExecutor  : Initializing ExecutorService 'applicationTaskExecutor'
2022-01-24 00:06:06.809 DEBUG 15932 --- [restartedMain] s.w.s.m.m.a.RequestMappingHandlerAdapter : ControllerAdvice beans: 0 @ModelAttribute, 0 @InitBinder, 1 RequestBodyAdvice, 1 ResponseBodyAdvice
2022-01-24 00:06:06.830  INFO 15932 --- [restartedMain] o.s.b.a.w.s.WelcomePageHandlerMapping    : Adding welcome page: class path resource [dist/index.html]
2022-01-24 00:06:06.842 DEBUG 15932 --- [restartedMain] o.s.w.s.handler.SimpleUrlHandlerMapping  : Patterns [/swagger-ui/] in 'viewControllerHandlerMapping'
2022-01-24 00:06:06.854 DEBUG 15932 --- [restartedMain] o.s.w.s.c.annotation.WebMvcConfigurer    : Default resource handling disabled
2022-01-24 00:06:07.018 DEBUG 15932 --- [restartedMain] o.s.w.s.handler.SimpleUrlHandlerMapping  : Patterns [/resources/**, /swagger-ui.html, /webjars/**, /css/**, /fonts/**, /icons/**, /img/**, /js/**, /swagger-ui/**] in 'resourceHandlerMapping'
2022-01-24 00:06:07.026 DEBUG 15932 --- [restartedMain] .m.m.a.ExceptionHandlerExceptionResolver : ControllerAdvice beans: 1 @ExceptionHandler, 1 ResponseBodyAdvice
2022-01-24 00:06:07.256  INFO 15932 --- [restartedMain] o.s.b.w.embedded.tomcat.TomcatWebServer  : Tomcat started on port(s): 8080 (http) with context path ''
2022-01-24 00:06:07.396  INFO 15932 --- [restartedMain] com.ssafy.GroupCallApplication           : Started GroupCallApplication in 7.624 seconds (JVM running for 8.717)
2022-01-24 00:06:07.784  INFO 15932 --- [RMI TCP Connection(7)-172.30.1.53] o.a.c.c.C.[Tomcat].[localhost].[/]       : Initializing Spring DispatcherServlet 'dispatcherServlet'
2022-01-24 00:06:07.784  INFO 15932 --- [RMI TCP Connection(7)-172.30.1.53] o.s.web.servlet.DispatcherServlet        : Initializing Servlet 'dispatcherServlet'
2022-01-24 00:06:07.784 DEBUG 15932 --- [RMI TCP Connection(7)-172.30.1.53] o.s.web.servlet.DispatcherServlet        : Detected StandardServletMultipartResolver
2022-01-24 00:06:07.784 DEBUG 15932 --- [RMI TCP Connection(7)-172.30.1.53] o.s.web.servlet.DispatcherServlet        : Detected AcceptHeaderLocaleResolver
2022-01-24 00:06:07.784 DEBUG 15932 --- [RMI TCP Connection(7)-172.30.1.53] o.s.web.servlet.DispatcherServlet        : Detected FixedThemeResolver
2022-01-24 00:06:07.786 DEBUG 15932 --- [RMI TCP Connection(7)-172.30.1.53] o.s.web.servlet.DispatcherServlet        : Detected org.springframework.web.servlet.view.DefaultRequestToViewNameTranslator@24f96620
2022-01-24 00:06:07.786 DEBUG 15932 --- [RMI TCP Connection(7)-172.30.1.53] o.s.web.servlet.DispatcherServlet        : Detected org.springframework.web.servlet.support.SessionFlashMapManager@2b06f6bb
2022-01-24 00:06:07.786 DEBUG 15932 --- [RMI TCP Connection(7)-172.30.1.53] o.s.web.servlet.DispatcherServlet        : enableLoggingRequestDetails='false': request parameters and headers will be masked to prevent unsafe logging of potentially sensitive data
2022-01-24 00:06:07.786  INFO 15932 --- [RMI TCP Connection(7)-172.30.1.53] o.s.web.servlet.DispatcherServlet        : Completed initialization in 2 ms
2022-01-24 00:06:16.653 DEBUG 15932 --- [http-nio-127.0.0.1-8080-exec-1] o.s.w.f.CommonsRequestLoggingFilter      : Before request [POST /api/v1/auth/join, client=127.0.0.1, headers=[host:"localhost:8080", connection:"keep-alive", content-length:"157", sec-ch-ua:""Whale";v="3", " Not;A Brand";v="99", "Chromium";v="96"", accept:"*/*", sec-ch-ua-mobile:"?0", user-agent:"Mozilla/5.0 (Windows NT 10.0; Win64; x64) AppleWebKit/537.36 (KHTML, like Gecko) Chrome/96.0.4664.110 Whale/3.12.129.46 Safari/537.36", sec-ch-ua-platform:""Windows"", origin:"http://localhost:8080", sec-fetch-site:"same-origin", sec-fetch-mode:"cors", sec-fetch-dest:"empty", referer:"http://localhost:8080/swagger-ui/index.html", accept-encoding:"gzip, deflate, br", accept-language:"ko-KR,ko;q=0.9,en-US;q=0.8,en;q=0.7", Content-Type:"application/json;charset=ISO-8859-1"]]
2022-01-24 00:06:16.654 DEBUG 15932 --- [http-nio-127.0.0.1-8080-exec-1] o.s.web.servlet.DispatcherServlet        : POST "/api/v1/auth/join", parameters={}
2022-01-24 00:06:16.656 DEBUG 15932 --- [http-nio-127.0.0.1-8080-exec-1] s.w.s.m.m.a.RequestMappingHandlerMapping : Mapped to com.ssafy.api.auth.controller.AuthController#join(AuthCreationRequestDto, HttpServletResponse)
2022-01-24 00:06:16.688 DEBUG 15932 --- [http-nio-127.0.0.1-8080-exec-1] m.m.a.RequestResponseBodyMethodProcessor : Read "application/json;charset=UTF-8" to [com.ssafy.api.auth.dto.request.AuthCreationRequestDto@2e4260a]
2022-01-24 00:06:17.003 DEBUG 15932 --- [http-nio-127.0.0.1-8080-exec-1] o.s.w.r.f.client.ExchangeFunctions       : [6e1c2eb7] HTTP POST https://kapi.kakao.com/v2/user/me?secure_resource=false
2022-01-24 00:06:17.908 DEBUG 15932 --- [reactor-http-nio-2] o.s.w.r.f.client.ExchangeFunctions       : [6e1c2eb7] [136bb579-1] Response 400 BAD_REQUEST
2022-01-24 00:06:17.945 DEBUG 15932 --- [http-nio-127.0.0.1-8080-exec-1] o.s.web.servlet.DispatcherServlet        : Failed to complete request: java.lang.IllegalArgumentException: 액세스토큰실패
2022-01-24 00:06:17.947 DEBUG 15932 --- [http-nio-127.0.0.1-8080-exec-1] o.s.w.f.CommonsRequestLoggingFilter      : After request [POST /api/v1/auth/join, client=127.0.0.1, headers=[host:"localhost:8080", connection:"keep-alive", content-length:"157", sec-ch-ua:""Whale";v="3", " Not;A Brand";v="99", "Chromium";v="96"", accept:"*/*", sec-ch-ua-mobile:"?0", user-agent:"Mozilla/5.0 (Windows NT 10.0; Win64; x64) AppleWebKit/537.36 (KHTML, like Gecko) Chrome/96.0.4664.110 Whale/3.12.129.46 Safari/537.36", sec-ch-ua-platform:""Windows"", origin:"http://localhost:8080", sec-fetch-site:"same-origin", sec-fetch-mode:"cors", sec-fetch-dest:"empty", referer:"http://localhost:8080/swagger-ui/index.html", accept-encoding:"gzip, deflate, br", accept-language:"ko-KR,ko;q=0.9,en-US;q=0.8,en;q=0.7", Content-Type:"application/json;charset=UTF-8"], payload={
  "accessToken": "-Vl371hYh0orj0uIku9C--kJBPmixDRaGtiDhQ5YQpepS57a9g9BnjcS0CH7hh4W9Yolcgo9dGkAAAF-h3jUhw",
  "nickname": "string",
  "oauthType": "KAKAO"
}]
2022-01-24 00:06:17.960 ERROR 15932 --- [http-nio-127.0.0.1-8080-exec-1] o.a.c.c.C.[.[.[/].[dispatcherServlet]    : Servlet.service() for servlet [dispatcherServlet] in context with path [] threw exception [Request processing failed; nested exception is java.lang.IllegalArgumentException: 액세스토큰실패] with root cause

java.lang.IllegalArgumentException: 액세스토큰실패
	at com.ssafy.common.oauth.OAuthClient.lambda$getInfo$0(OAuthClient.java:24) ~[main/:na]
	Suppressed: reactor.core.publisher.FluxOnAssembly$OnAssemblyException: 
Error has been observed at the following site(s):
	|_ checkpoint ⇢ 400 from POST https://kapi.kakao.com/v2/user/me?secure_resource=false [DefaultWebClient]
Stack trace:
		at com.ssafy.common.oauth.OAuthClient.lambda$getInfo$0(OAuthClient.java:24) ~[main/:na]
		at org.springframework.web.reactive.function.client.DefaultWebClient$DefaultResponseSpec$StatusHandler.apply(DefaultWebClient.java:693) ~[spring-webflux-5.3.6.jar:5.3.6]
		at org.springframework.web.reactive.function.client.DefaultWebClient$DefaultResponseSpec.applyStatusHandlers(DefaultWebClient.java:652) ~[spring-webflux-5.3.6.jar:5.3.6]
		at org.springframework.web.reactive.function.client.DefaultWebClient$DefaultResponseSpec.handleBodyMono(DefaultWebClient.java:621) ~[spring-webflux-5.3.6.jar:5.3.6]
		at org.springframework.web.reactive.function.client.DefaultWebClient$DefaultResponseSpec.lambda$bodyToMono$2(DefaultWebClient.java:541) ~[spring-webflux-5.3.6.jar:5.3.6]
		at reactor.core.publisher.MonoFlatMap$FlatMapMain.onNext(MonoFlatMap.java:125) ~[reactor-core-3.4.5.jar:3.4.5]
		at reactor.core.publisher.FluxSwitchIfEmpty$SwitchIfEmptySubscriber.onNext(FluxSwitchIfEmpty.java:73) ~[reactor-core-3.4.5.jar:3.4.5]
		at reactor.core.publisher.FluxMap$MapSubscriber.onNext(FluxMap.java:120) ~[reactor-core-3.4.5.jar:3.4.5]
		at reactor.core.publisher.FluxOnErrorResume$ResumeSubscriber.onNext(FluxOnErrorResume.java:79) ~[reactor-core-3.4.5.jar:3.4.5]
		at reactor.core.publisher.FluxPeek$PeekSubscriber.onNext(FluxPeek.java:199) ~[reactor-core-3.4.5.jar:3.4.5]
		at reactor.core.publisher.FluxPeek$PeekSubscriber.onNext(FluxPeek.java:199) ~[reactor-core-3.4.5.jar:3.4.5]
		at reactor.core.publisher.FluxPeek$PeekSubscriber.onNext(FluxPeek.java:199) ~[reactor-core-3.4.5.jar:3.4.5]
		at reactor.core.publisher.MonoNext$NextSubscriber.onNext(MonoNext.java:82) ~[reactor-core-3.4.5.jar:3.4.5]
		at reactor.core.publisher.Operators$ScalarSubscription.request(Operators.java:2397) ~[reactor-core-3.4.5.jar:3.4.5]
		at reactor.core.publisher.MonoFlatMapMany$FlatMapManyMain.onSubscribeInner(MonoFlatMapMany.java:150) ~[reactor-core-3.4.5.jar:3.4.5]
		at reactor.core.publisher.MonoFlatMapMany$FlatMapManyMain.onNext(MonoFlatMapMany.java:189) ~[reactor-core-3.4.5.jar:3.4.5]
		at reactor.core.publisher.SerializedSubscriber.onNext(SerializedSubscriber.java:99) ~[reactor-core-3.4.5.jar:3.4.5]
		at reactor.core.publisher.FluxRetryWhen$RetryWhenMainSubscriber.onNext(FluxRetryWhen.java:173) ~[reactor-core-3.4.5.jar:3.4.5]
		at reactor.core.publisher.MonoCreate$DefaultMonoSink.success(MonoCreate.java:160) ~[reactor-core-3.4.5.jar:3.4.5]
		at reactor.netty.http.client.HttpClientConnect$HttpIOHandlerObserver.onStateChange(HttpClientConnect.java:388) ~[reactor-netty-http-1.0.6.jar:1.0.6]
		at reactor.netty.ReactorNetty$CompositeConnectionObserver.onStateChange(ReactorNetty.java:654) ~[reactor-netty-core-1.0.6.jar:1.0.6]
		at reactor.netty.resources.DefaultPooledConnectionProvider$DisposableAcquire.onStateChange(DefaultPooledConnectionProvider.java:196) ~[reactor-netty-core-1.0.6.jar:1.0.6]
		at reactor.netty.resources.DefaultPooledConnectionProvider$PooledConnection.onStateChange(DefaultPooledConnectionProvider.java:452) ~[reactor-netty-core-1.0.6.jar:1.0.6]
		at reactor.netty.http.client.HttpClientOperations.onInboundNext(HttpClientOperations.java:629) ~[reactor-netty-http-1.0.6.jar:1.0.6]
		at reactor.netty.channel.ChannelOperationsHandler.channelRead(ChannelOperationsHandler.java:94) ~[reactor-netty-core-1.0.6.jar:1.0.6]
		at io.netty.channel.AbstractChannelHandlerContext.invokeChannelRead(AbstractChannelHandlerContext.java:379) ~[netty-transport-4.1.63.Final.jar:4.1.63.Final]
		at io.netty.channel.AbstractChannelHandlerContext.invokeChannelRead(AbstractChannelHandlerContext.java:365) ~[netty-transport-4.1.63.Final.jar:4.1.63.Final]
		at io.netty.channel.AbstractChannelHandlerContext.fireChannelRead(AbstractChannelHandlerContext.java:357) ~[netty-transport-4.1.63.Final.jar:4.1.63.Final]
		at io.netty.handler.timeout.IdleStateHandler.channelRead(IdleStateHandler.java:286) ~[netty-handler-4.1.63.Final.jar:4.1.63.Final]
		at io.netty.channel.AbstractChannelHandlerContext.invokeChannelRead(AbstractChannelHandlerContext.java:379) ~[netty-transport-4.1.63.Final.jar:4.1.63.Final]
		at io.netty.channel.AbstractChannelHandlerContext.invokeChannelRead(AbstractChannelHandlerContext.java:365) ~[netty-transport-4.1.63.Final.jar:4.1.63.Final]
		at io.netty.channel.AbstractChannelHandlerContext.fireChannelRead(AbstractChannelHandlerContext.java:357) ~[netty-transport-4.1.63.Final.jar:4.1.63.Final]
		at io.netty.channel.CombinedChannelDuplexHandler$DelegatingChannelHandlerContext.fireChannelRead(CombinedChannelDuplexHandler.java:436) ~[netty-transport-4.1.63.Final.jar:4.1.63.Final]
		at io.netty.handler.codec.ByteToMessageDecoder.fireChannelRead(ByteToMessageDecoder.java:324) ~[netty-codec-4.1.63.Final.jar:4.1.63.Final]
		at io.netty.handler.codec.ByteToMessageDecoder.fireChannelRead(ByteToMessageDecoder.java:311) ~[netty-codec-4.1.63.Final.jar:4.1.63.Final]
		at io.netty.handler.codec.ByteToMessageDecoder.callDecode(ByteToMessageDecoder.java:432) ~[netty-codec-4.1.63.Final.jar:4.1.63.Final]
		at io.netty.handler.codec.ByteToMessageDecoder.channelRead(ByteToMessageDecoder.java:276) ~[netty-codec-4.1.63.Final.jar:4.1.63.Final]
		at io.netty.channel.CombinedChannelDuplexHandler.channelRead(CombinedChannelDuplexHandler.java:251) ~[netty-transport-4.1.63.Final.jar:4.1.63.Final]
		at io.netty.channel.AbstractChannelHandlerContext.invokeChannelRead(AbstractChannelHandlerContext.java:379) ~[netty-transport-4.1.63.Final.jar:4.1.63.Final]
		at io.netty.channel.AbstractChannelHandlerContext.invokeChannelRead(AbstractChannelHandlerContext.java:365) ~[netty-transport-4.1.63.Final.jar:4.1.63.Final]
		at io.netty.channel.AbstractChannelHandlerContext.fireChannelRead(AbstractChannelHandlerContext.java:357) ~[netty-transport-4.1.63.Final.jar:4.1.63.Final]
		at io.netty.handler.ssl.SslHandler.unwrap(SslHandler.java:1504) ~[netty-handler-4.1.63.Final.jar:4.1.63.Final]
		at io.netty.handler.ssl.SslHandler.decodeJdkCompatible(SslHandler.java:1253) ~[netty-handler-4.1.63.Final.jar:4.1.63.Final]
		at io.netty.handler.ssl.SslHandler.decode(SslHandler.java:1300) ~[netty-handler-4.1.63.Final.jar:4.1.63.Final]
		at io.netty.handler.codec.ByteToMessageDecoder.decodeRemovalReentryProtection(ByteToMessageDecoder.java:508) ~[netty-codec-4.1.63.Final.jar:4.1.63.Final]
		at io.netty.handler.codec.ByteToMessageDecoder.callDecode(ByteToMessageDecoder.java:447) ~[netty-codec-4.1.63.Final.jar:4.1.63.Final]
		at io.netty.handler.codec.ByteToMessageDecoder.channelRead(ByteToMessageDecoder.java:276) ~[netty-codec-4.1.63.Final.jar:4.1.63.Final]
		at io.netty.channel.AbstractChannelHandlerContext.invokeChannelRead(AbstractChannelHandlerContext.java:379) ~[netty-transport-4.1.63.Final.jar:4.1.63.Final]
		at io.netty.channel.AbstractChannelHandlerContext.invokeChannelRead(AbstractChannelHandlerContext.java:365) ~[netty-transport-4.1.63.Final.jar:4.1.63.Final]
		at io.netty.channel.AbstractChannelHandlerContext.fireChannelRead(AbstractChannelHandlerContext.java:357) ~[netty-transport-4.1.63.Final.jar:4.1.63.Final]
		at io.netty.channel.DefaultChannelPipeline$HeadContext.channelRead(DefaultChannelPipeline.java:1410) ~[netty-transport-4.1.63.Final.jar:4.1.63.Final]
		at io.netty.channel.AbstractChannelHandlerContext.invokeChannelRead(AbstractChannelHandlerContext.java:379) ~[netty-transport-4.1.63.Final.jar:4.1.63.Final]
		at io.netty.channel.AbstractChannelHandlerContext.invokeChannelRead(AbstractChannelHandlerContext.java:365) ~[netty-transport-4.1.63.Final.jar:4.1.63.Final]
		at io.netty.channel.DefaultChannelPipeline.fireChannelRead(DefaultChannelPipeline.java:919) ~[netty-transport-4.1.63.Final.jar:4.1.63.Final]
		at io.netty.channel.nio.AbstractNioByteChannel$NioByteUnsafe.read(AbstractNioByteChannel.java:166) ~[netty-transport-4.1.63.Final.jar:4.1.63.Final]
		at io.netty.channel.nio.NioEventLoop.processSelectedKey(NioEventLoop.java:719) ~[netty-transport-4.1.63.Final.jar:4.1.63.Final]
		at io.netty.channel.nio.NioEventLoop.processSelectedKeysOptimized(NioEventLoop.java:655) ~[netty-transport-4.1.63.Final.jar:4.1.63.Final]
		at io.netty.channel.nio.NioEventLoop.processSelectedKeys(NioEventLoop.java:581) ~[netty-transport-4.1.63.Final.jar:4.1.63.Final]
		at io.netty.channel.nio.NioEventLoop.run(NioEventLoop.java:493) ~[netty-transport-4.1.63.Final.jar:4.1.63.Final]
		at io.netty.util.concurrent.SingleThreadEventExecutor$4.run(SingleThreadEventExecutor.java:989) ~[netty-common-4.1.63.Final.jar:4.1.63.Final]
		at io.netty.util.internal.ThreadExecutorMap$2.run(ThreadExecutorMap.java:74) ~[netty-common-4.1.63.Final.jar:4.1.63.Final]
		at io.netty.util.concurrent.FastThreadLocalRunnable.run(FastThreadLocalRunnable.java:30) ~[netty-common-4.1.63.Final.jar:4.1.63.Final]
		at java.lang.Thread.run(Thread.java:748) [na:1.8.0_192]
	Suppressed: java.lang.Exception: #block terminated with an error
		at reactor.core.publisher.BlockingSingleSubscriber.blockingGet(BlockingSingleSubscriber.java:99) ~[reactor-core-3.4.5.jar:3.4.5]
		at reactor.core.publisher.Mono.block(Mono.java:1703) ~[reactor-core-3.4.5.jar:3.4.5]
		at com.ssafy.common.oauth.OAuthClient.getInfo(OAuthClient.java:27) ~[main/:na]
		at com.ssafy.api.auth.service.AuthServiceImpl.signUp(AuthServiceImpl.java:56) ~[main/:na]
		at com.ssafy.api.auth.service.AuthServiceImpl$$FastClassBySpringCGLIB$$8761dc89.invoke(<generated>) ~[main/:na]
		at org.springframework.cglib.proxy.MethodProxy.invoke(MethodProxy.java:218) ~[spring-core-5.3.6.jar:5.3.6]
		at org.springframework.aop.framework.CglibAopProxy$CglibMethodInvocation.invokeJoinpoint(CglibAopProxy.java:779) ~[spring-aop-5.3.6.jar:5.3.6]
		at org.springframework.aop.framework.ReflectiveMethodInvocation.proceed(ReflectiveMethodInvocation.java:163) ~[spring-aop-5.3.6.jar:5.3.6]
		at org.springframework.aop.framework.CglibAopProxy$CglibMethodInvocation.proceed(CglibAopProxy.java:750) ~[spring-aop-5.3.6.jar:5.3.6]
		at org.springframework.transaction.interceptor.TransactionInterceptor$1.proceedWithInvocation(TransactionInterceptor.java:123) ~[spring-tx-5.3.6.jar:5.3.6]
		at org.springframework.transaction.interceptor.TransactionAspectSupport.invokeWithinTransaction(TransactionAspectSupport.java:388) ~[spring-tx-5.3.6.jar:5.3.6]
		at org.springframework.transaction.interceptor.TransactionInterceptor.invoke(TransactionInterceptor.java:119) ~[spring-tx-5.3.6.jar:5.3.6]
		at org.springframework.aop.framework.ReflectiveMethodInvocation.proceed(ReflectiveMethodInvocation.java:186) ~[spring-aop-5.3.6.jar:5.3.6]
		at org.springframework.aop.framework.CglibAopProxy$CglibMethodInvocation.proceed(CglibAopProxy.java:750) ~[spring-aop-5.3.6.jar:5.3.6]
		at org.springframework.aop.framework.CglibAopProxy$DynamicAdvisedInterceptor.intercept(CglibAopProxy.java:692) ~[spring-aop-5.3.6.jar:5.3.6]
		at com.ssafy.api.auth.service.AuthServiceImpl$$EnhancerBySpringCGLIB$$469c3384.signUp(<generated>) ~[main/:na]
		at com.ssafy.api.auth.controller.AuthController.join(AuthController.java:34) ~[main/:na]
		at sun.reflect.NativeMethodAccessorImpl.invoke0(Native Method) ~[na:1.8.0_192]
		at sun.reflect.NativeMethodAccessorImpl.invoke(NativeMethodAccessorImpl.java:62) ~[na:1.8.0_192]
		at sun.reflect.DelegatingMethodAccessorImpl.invoke(DelegatingMethodAccessorImpl.java:43) ~[na:1.8.0_192]
		at java.lang.reflect.Method.invoke(Method.java:498) ~[na:1.8.0_192]
		at org.springframework.web.method.support.InvocableHandlerMethod.doInvoke(InvocableHandlerMethod.java:197) ~[spring-web-5.3.6.jar:5.3.6]
		at org.springframework.web.method.support.InvocableHandlerMethod.invokeForRequest(InvocableHandlerMethod.java:141) ~[spring-web-5.3.6.jar:5.3.6]
		at org.springframework.web.servlet.mvc.method.annotation.ServletInvocableHandlerMethod.invokeAndHandle(ServletInvocableHandlerMethod.java:106) ~[spring-webmvc-5.3.6.jar:5.3.6]
		at org.springframework.web.servlet.mvc.method.annotation.RequestMappingHandlerAdapter.invokeHandlerMethod(RequestMappingHandlerAdapter.java:894) ~[spring-webmvc-5.3.6.jar:5.3.6]
		at org.springframework.web.servlet.mvc.method.annotation.RequestMappingHandlerAdapter.handleInternal(RequestMappingHandlerAdapter.java:808) ~[spring-webmvc-5.3.6.jar:5.3.6]
		at org.springframework.web.servlet.mvc.method.AbstractHandlerMethodAdapter.handle(AbstractHandlerMethodAdapter.java:87) ~[spring-webmvc-5.3.6.jar:5.3.6]
		at org.springframework.web.servlet.DispatcherServlet.doDispatch(DispatcherServlet.java:1060) ~[spring-webmvc-5.3.6.jar:5.3.6]
		at org.springframework.web.servlet.DispatcherServlet.doService(DispatcherServlet.java:962) ~[spring-webmvc-5.3.6.jar:5.3.6]
		at org.springframework.web.servlet.FrameworkServlet.processRequest(FrameworkServlet.java:1006) ~[spring-webmvc-5.3.6.jar:5.3.6]
		at org.springframework.web.servlet.FrameworkServlet.doPost(FrameworkServlet.java:909) ~[spring-webmvc-5.3.6.jar:5.3.6]
		at javax.servlet.http.HttpServlet.service(HttpServlet.java:652) ~[tomcat-embed-core-9.0.45.jar:4.0.FR]
		at org.springframework.web.servlet.FrameworkServlet.service(FrameworkServlet.java:883) ~[spring-webmvc-5.3.6.jar:5.3.6]
		at javax.servlet.http.HttpServlet.service(HttpServlet.java:733) ~[tomcat-embed-core-9.0.45.jar:4.0.FR]
		at org.apache.catalina.core.ApplicationFilterChain.internalDoFilter(ApplicationFilterChain.java:227) ~[tomcat-embed-core-9.0.45.jar:9.0.45]
		at org.apache.catalina.core.ApplicationFilterChain.doFilter(ApplicationFilterChain.java:162) ~[tomcat-embed-core-9.0.45.jar:9.0.45]
		at org.apache.tomcat.websocket.server.WsFilter.doFilter(WsFilter.java:53) ~[tomcat-embed-websocket-9.0.45.jar:9.0.45]
		at org.apache.catalina.core.ApplicationFilterChain.internalDoFilter(ApplicationFilterChain.java:189) ~[tomcat-embed-core-9.0.45.jar:9.0.45]
		at org.apache.catalina.core.ApplicationFilterChain.doFilter(ApplicationFilterChain.java:162) ~[tomcat-embed-core-9.0.45.jar:9.0.45]
		at org.springframework.web.filter.CharacterEncodingFilter.doFilterInternal(CharacterEncodingFilter.java:201) ~[spring-web-5.3.6.jar:5.3.6]
		at org.springframework.web.filter.OncePerRequestFilter.doFilter(OncePerRequestFilter.java:119) ~[spring-web-5.3.6.jar:5.3.6]
		at org.apache.catalina.core.ApplicationFilterChain.internalDoFilter(ApplicationFilterChain.java:189) ~[tomcat-embed-core-9.0.45.jar:9.0.45]
		at org.apache.catalina.core.ApplicationFilterChain.doFilter(ApplicationFilterChain.java:162) ~[tomcat-embed-core-9.0.45.jar:9.0.45]
		at org.springframework.web.filter.AbstractRequestLoggingFilter.doFilterInternal(AbstractRequestLoggingFilter.java:289) ~[spring-web-5.3.6.jar:5.3.6]
		at org.springframework.web.filter.OncePerRequestFilter.doFilter(OncePerRequestFilter.java:119) ~[spring-web-5.3.6.jar:5.3.6]
		at org.apache.catalina.core.ApplicationFilterChain.internalDoFilter(ApplicationFilterChain.java:189) ~[tomcat-embed-core-9.0.45.jar:9.0.45]
		at org.apache.catalina.core.ApplicationFilterChain.doFilter(ApplicationFilterChain.java:162) ~[tomcat-embed-core-9.0.45.jar:9.0.45]
		at org.springframework.security.web.FilterChainProxy$VirtualFilterChain.doFilter(FilterChainProxy.java:327) ~[spring-security-web-5.4.6.jar:5.4.6]
		at org.springframework.security.web.access.intercept.FilterSecurityInterceptor.invoke(FilterSecurityInterceptor.java:115) ~[spring-security-web-5.4.6.jar:5.4.6]
		at org.springframework.security.web.access.intercept.FilterSecurityInterceptor.doFilter(FilterSecurityInterceptor.java:81) ~[spring-security-web-5.4.6.jar:5.4.6]
		at org.springframework.security.web.FilterChainProxy$VirtualFilterChain.doFilter(FilterChainProxy.java:336) ~[spring-security-web-5.4.6.jar:5.4.6]
		at org.springframework.security.web.access.ExceptionTranslationFilter.doFilter(ExceptionTranslationFilter.java:119) ~[spring-security-web-5.4.6.jar:5.4.6]
		at org.springframework.security.web.access.ExceptionTranslationFilter.doFilter(ExceptionTranslationFilter.java:113) ~[spring-security-web-5.4.6.jar:5.4.6]
		at org.springframework.security.web.FilterChainProxy$VirtualFilterChain.doFilter(FilterChainProxy.java:336) ~[spring-security-web-5.4.6.jar:5.4.6]
		at org.springframework.security.web.session.SessionManagementFilter.doFilter(SessionManagementFilter.java:126) ~[spring-security-web-5.4.6.jar:5.4.6]
		at org.springframework.security.web.session.SessionManagementFilter.doFilter(SessionManagementFilter.java:81) ~[spring-security-web-5.4.6.jar:5.4.6]
		at org.springframework.security.web.FilterChainProxy$VirtualFilterChain.doFilter(FilterChainProxy.java:336) ~[spring-security-web-5.4.6.jar:5.4.6]
		at org.springframework.security.web.authentication.AnonymousAuthenticationFilter.doFilter(AnonymousAuthenticationFilter.java:105) ~[spring-security-web-5.4.6.jar:5.4.6]
		at org.springframework.security.web.FilterChainProxy$VirtualFilterChain.doFilter(FilterChainProxy.java:336) ~[spring-security-web-5.4.6.jar:5.4.6]
		at org.springframework.security.web.servletapi.SecurityContextHolderAwareRequestFilter.doFilter(SecurityContextHolderAwareRequestFilter.java:149) ~[spring-security-web-5.4.6.jar:5.4.6]
		at org.springframework.security.web.FilterChainProxy$VirtualFilterChain.doFilter(FilterChainProxy.java:336) ~[spring-security-web-5.4.6.jar:5.4.6]
		at org.springframework.security.web.savedrequest.RequestCacheAwareFilter.doFilter(RequestCacheAwareFilter.java:63) ~[spring-security-web-5.4.6.jar:5.4.6]
		at org.springframework.security.web.FilterChainProxy$VirtualFilterChain.doFilter(FilterChainProxy.java:336) ~[spring-security-web-5.4.6.jar:5.4.6]
		at org.springframework.security.web.authentication.logout.LogoutFilter.doFilter(LogoutFilter.java:103) ~[spring-security-web-5.4.6.jar:5.4.6]
		at org.springframework.security.web.authentication.logout.LogoutFilter.doFilter(LogoutFilter.java:89) ~[spring-security-web-5.4.6.jar:5.4.6]
		at org.springframework.security.web.FilterChainProxy$VirtualFilterChain.doFilter(FilterChainProxy.java:336) ~[spring-security-web-5.4.6.jar:5.4.6]
		at org.springframework.web.filter.CorsFilter.doFilterInternal(CorsFilter.java:91) ~[spring-web-5.3.6.jar:5.3.6]
		at org.springframework.web.filter.OncePerRequestFilter.doFilter(OncePerRequestFilter.java:119) ~[spring-web-5.3.6.jar:5.3.6]
		at org.springframework.security.web.FilterChainProxy$VirtualFilterChain.doFilter(FilterChainProxy.java:336) ~[spring-security-web-5.4.6.jar:5.4.6]
		at org.springframework.security.web.header.HeaderWriterFilter.doHeadersAfter(HeaderWriterFilter.java:90) ~[spring-security-web-5.4.6.jar:5.4.6]
		at org.springframework.security.web.header.HeaderWriterFilter.doFilterInternal(HeaderWriterFilter.java:75) ~[spring-security-web-5.4.6.jar:5.4.6]
		at org.springframework.web.filter.OncePerRequestFilter.doFilter(OncePerRequestFilter.java:119) ~[spring-web-5.3.6.jar:5.3.6]
		at org.springframework.security.web.FilterChainProxy$VirtualFilterChain.doFilter(FilterChainProxy.java:336) ~[spring-security-web-5.4.6.jar:5.4.6]
		at org.springframework.security.web.context.SecurityContextPersistenceFilter.doFilter(SecurityContextPersistenceFilter.java:110) ~[spring-security-web-5.4.6.jar:5.4.6]
		at org.springframework.security.web.context.SecurityContextPersistenceFilter.doFilter(SecurityContextPersistenceFilter.java:80) ~[spring-security-web-5.4.6.jar:5.4.6]
		at org.springframework.security.web.FilterChainProxy$VirtualFilterChain.doFilter(FilterChainProxy.java:336) ~[spring-security-web-5.4.6.jar:5.4.6]
		at org.springframework.security.web.context.request.async.WebAsyncManagerIntegrationFilter.doFilterInternal(WebAsyncManagerIntegrationFilter.java:55) ~[spring-security-web-5.4.6.jar:5.4.6]
		at org.springframework.web.filter.OncePerRequestFilter.doFilter(OncePerRequestFilter.java:119) ~[spring-web-5.3.6.jar:5.3.6]
		at org.springframework.security.web.FilterChainProxy$VirtualFilterChain.doFilter(FilterChainProxy.java:336) ~[spring-security-web-5.4.6.jar:5.4.6]
		at org.springframework.security.web.FilterChainProxy.doFilterInternal(FilterChainProxy.java:211) ~[spring-security-web-5.4.6.jar:5.4.6]
		at org.springframework.security.web.FilterChainProxy.doFilter(FilterChainProxy.java:183) ~[spring-security-web-5.4.6.jar:5.4.6]
		at org.springframework.web.filter.DelegatingFilterProxy.invokeDelegate(DelegatingFilterProxy.java:358) ~[spring-web-5.3.6.jar:5.3.6]
		at org.springframework.web.filter.DelegatingFilterProxy.doFilter(DelegatingFilterProxy.java:271) ~[spring-web-5.3.6.jar:5.3.6]
		at org.apache.catalina.core.ApplicationFilterChain.internalDoFilter(ApplicationFilterChain.java:189) ~[tomcat-embed-core-9.0.45.jar:9.0.45]
		at org.apache.catalina.core.ApplicationFilterChain.doFilter(ApplicationFilterChain.java:162) ~[tomcat-embed-core-9.0.45.jar:9.0.45]
		at org.springframework.web.filter.RequestContextFilter.doFilterInternal(RequestContextFilter.java:100) ~[spring-web-5.3.6.jar:5.3.6]
		at org.springframework.web.filter.OncePerRequestFilter.doFilter(OncePerRequestFilter.java:119) ~[spring-web-5.3.6.jar:5.3.6]
		at org.apache.catalina.core.ApplicationFilterChain.internalDoFilter(ApplicationFilterChain.java:189) ~[tomcat-embed-core-9.0.45.jar:9.0.45]
		at org.apache.catalina.core.ApplicationFilterChain.doFilter(ApplicationFilterChain.java:162) ~[tomcat-embed-core-9.0.45.jar:9.0.45]
		at org.springframework.web.filter.FormContentFilter.doFilterInternal(FormContentFilter.java:93) ~[spring-web-5.3.6.jar:5.3.6]
		at org.springframework.web.filter.OncePerRequestFilter.doFilter(OncePerRequestFilter.java:119) ~[spring-web-5.3.6.jar:5.3.6]
		at org.apache.catalina.core.ApplicationFilterChain.internalDoFilter(ApplicationFilterChain.java:189) ~[tomcat-embed-core-9.0.45.jar:9.0.45]
		at org.apache.catalina.core.ApplicationFilterChain.doFilter(ApplicationFilterChain.java:162) ~[tomcat-embed-core-9.0.45.jar:9.0.45]
		at org.springframework.boot.actuate.metrics.web.servlet.WebMvcMetricsFilter.doFilterInternal(WebMvcMetricsFilter.java:93) ~[spring-boot-actuator-2.4.5.jar:2.4.5]
		at org.springframework.web.filter.OncePerRequestFilter.doFilter(OncePerRequestFilter.java:119) ~[spring-web-5.3.6.jar:5.3.6]
		at org.apache.catalina.core.ApplicationFilterChain.internalDoFilter(ApplicationFilterChain.java:189) ~[tomcat-embed-core-9.0.45.jar:9.0.45]
		at org.apache.catalina.core.ApplicationFilterChain.doFilter(ApplicationFilterChain.java:162) ~[tomcat-embed-core-9.0.45.jar:9.0.45]
		at org.apache.catalina.core.StandardWrapperValve.invoke(StandardWrapperValve.java:202) ~[tomcat-embed-core-9.0.45.jar:9.0.45]
		at org.apache.catalina.core.StandardContextValve.invoke(StandardContextValve.java:97) [tomcat-embed-core-9.0.45.jar:9.0.45]
		at org.apache.catalina.authenticator.AuthenticatorBase.invoke(AuthenticatorBase.java:542) [tomcat-embed-core-9.0.45.jar:9.0.45]
		at org.apache.catalina.core.StandardHostValve.invoke(StandardHostValve.java:143) [tomcat-embed-core-9.0.45.jar:9.0.45]
		at org.apache.catalina.valves.ErrorReportValve.invoke(ErrorReportValve.java:92) [tomcat-embed-core-9.0.45.jar:9.0.45]
		at org.apache.catalina.core.StandardEngineValve.invoke(StandardEngineValve.java:78) [tomcat-embed-core-9.0.45.jar:9.0.45]
		at org.apache.catalina.connector.CoyoteAdapter.service(CoyoteAdapter.java:357) [tomcat-embed-core-9.0.45.jar:9.0.45]
		at org.apache.coyote.http11.Http11Processor.service(Http11Processor.java:374) [tomcat-embed-core-9.0.45.jar:9.0.45]
		at org.apache.coyote.AbstractProcessorLight.process(AbstractProcessorLight.java:65) [tomcat-embed-core-9.0.45.jar:9.0.45]
		at org.apache.coyote.AbstractProtocol$ConnectionHandler.process(AbstractProtocol.java:893) [tomcat-embed-core-9.0.45.jar:9.0.45]
		at org.apache.tomcat.util.net.NioEndpoint$SocketProcessor.doRun(NioEndpoint.java:1707) [tomcat-embed-core-9.0.45.jar:9.0.45]
		at org.apache.tomcat.util.net.SocketProcessorBase.run(SocketProcessorBase.java:49) [tomcat-embed-core-9.0.45.jar:9.0.45]
		at java.util.concurrent.ThreadPoolExecutor.runWorker(ThreadPoolExecutor.java:1149) [na:1.8.0_192]
		at java.util.concurrent.ThreadPoolExecutor$Worker.run(ThreadPoolExecutor.java:624) [na:1.8.0_192]
		at org.apache.tomcat.util.threads.TaskThread$WrappingRunnable.run(TaskThread.java:61) [tomcat-embed-core-9.0.45.jar:9.0.45]
		at java.lang.Thread.run(Thread.java:748) [na:1.8.0_192]

2022-01-24 00:06:17.963 DEBUG 15932 --- [http-nio-127.0.0.1-8080-exec-1] o.s.web.servlet.DispatcherServlet        : "ERROR" dispatch for POST "/error", parameters={}
2022-01-24 00:06:17.965 DEBUG 15932 --- [http-nio-127.0.0.1-8080-exec-1] s.w.s.m.m.a.RequestMappingHandlerMapping : Mapped to org.springframework.boot.autoconfigure.web.servlet.error.BasicErrorController#error(HttpServletRequest)
2022-01-24 00:06:17.972 DEBUG 15932 --- [http-nio-127.0.0.1-8080-exec-1] o.s.w.s.m.m.a.HttpEntityMethodProcessor  : Using 'application/json', given [*/*] and supported [application/json, application/*+json, application/json, application/*+json]
2022-01-24 00:06:17.972 DEBUG 15932 --- [http-nio-127.0.0.1-8080-exec-1] o.s.w.s.m.m.a.HttpEntityMethodProcessor  : Writing [{timestamp=Mon Jan 24 00:06:17 KST 2022, status=500, error=Internal Server Error, trace=java.lang.Il (truncated)...]
2022-01-24 00:06:17.991 DEBUG 15932 --- [http-nio-127.0.0.1-8080-exec-1] o.s.web.servlet.DispatcherServlet        : Exiting from "ERROR" dispatch, status 500
2022-01-24 00:06:40.171  INFO 15932 --- [SpringContextShutdownHook] o.s.s.concurrent.ThreadPoolTaskExecutor  : Shutting down ExecutorService 'applicationTaskExecutor'
2022-01-24 00:06:40.177  INFO 15932 --- [SpringContextShutdownHook] j.LocalContainerEntityManagerFactoryBean : Closing JPA EntityManagerFactory for persistence unit 'default'
2022-01-24 00:06:40.180  INFO 15932 --- [SpringContextShutdownHook] com.zaxxer.hikari.HikariDataSource       : HikariPool-1 - Shutdown initiated...
2022-01-24 00:06:40.186  INFO 15932 --- [SpringContextShutdownHook] com.zaxxer.hikari.HikariDataSource       : HikariPool-1 - Shutdown completed.
2022-01-24 00:07:00.026  INFO 4232 --- [restartedMain] com.ssafy.GroupCallApplication           : Starting GroupCallApplication using Java 1.8.0_192 on DESKTOP-KVCQHCD with PID 4232 (C:\PJT1\week2\S06P12A306\backend\build\classes\java\main started by SSAFY in C:\PJT1\week2\S06P12A306\backend)
2022-01-24 00:07:00.030  INFO 4232 --- [restartedMain] com.ssafy.GroupCallApplication           : No active profile set, falling back to default profiles: default
2022-01-24 00:07:00.088  INFO 4232 --- [restartedMain] .e.DevToolsPropertyDefaultsPostProcessor : Devtools property defaults active! Set 'spring.devtools.add-properties' to 'false' to disable
2022-01-24 00:07:00.089  INFO 4232 --- [restartedMain] .e.DevToolsPropertyDefaultsPostProcessor : For additional web related logging consider setting the 'logging.level.web' property to 'DEBUG'
2022-01-24 00:07:01.477  INFO 4232 --- [restartedMain] .s.d.r.c.RepositoryConfigurationDelegate : Bootstrapping Spring Data JPA repositories in DEFAULT mode.
2022-01-24 00:07:01.588  INFO 4232 --- [restartedMain] .s.d.r.c.RepositoryConfigurationDelegate : Finished Spring Data repository scanning in 104 ms. Found 6 JPA repository interfaces.
2022-01-24 00:07:01.965  INFO 4232 --- [restartedMain] trationDelegate$BeanPostProcessorChecker : Bean 'org.springframework.security.access.expression.method.DefaultMethodSecurityExpressionHandler@230d454' of type [org.springframework.security.access.expression.method.DefaultMethodSecurityExpressionHandler] is not eligible for getting processed by all BeanPostProcessors (for example: not eligible for auto-proxying)
2022-01-24 00:07:01.970  INFO 4232 --- [restartedMain] trationDelegate$BeanPostProcessorChecker : Bean 'methodSecurityMetadataSource' of type [org.springframework.security.access.method.DelegatingMethodSecurityMetadataSource] is not eligible for getting processed by all BeanPostProcessors (for example: not eligible for auto-proxying)
2022-01-24 00:07:02.357  INFO 4232 --- [restartedMain] o.s.b.w.embedded.tomcat.TomcatWebServer  : Tomcat initialized with port(s): 8080 (http)
2022-01-24 00:07:02.369  INFO 4232 --- [restartedMain] o.apache.catalina.core.StandardService   : Starting service [Tomcat]
2022-01-24 00:07:02.369  INFO 4232 --- [restartedMain] org.apache.catalina.core.StandardEngine  : Starting Servlet engine: [Apache Tomcat/9.0.45]
2022-01-24 00:07:02.497  INFO 4232 --- [restartedMain] o.a.c.c.C.[Tomcat].[localhost].[/]       : Initializing Spring embedded WebApplicationContext
2022-01-24 00:07:02.497  INFO 4232 --- [restartedMain] w.s.c.ServletWebServerApplicationContext : Root WebApplicationContext: initialization completed in 2407 ms
2022-01-24 00:07:02.671 DEBUG 4232 --- [restartedMain] o.s.web.filter.CharacterEncodingFilter   : Filter 'characterEncodingFilter' configured for use
2022-01-24 00:07:02.671 DEBUG 4232 --- [restartedMain] o.s.w.f.CommonsRequestLoggingFilter      : Filter 'commonsRequestLoggingFilter' configured for use
2022-01-24 00:07:02.952  INFO 4232 --- [restartedMain] o.hibernate.jpa.internal.util.LogHelper  : HHH000204: Processing PersistenceUnitInfo [name: default]
2022-01-24 00:07:03.108  INFO 4232 --- [restartedMain] org.hibernate.Version                    : HHH000412: Hibernate ORM core version 5.4.30.Final
2022-01-24 00:07:03.536  INFO 4232 --- [restartedMain] o.hibernate.annotations.common.Version   : HCANN000001: Hibernate Commons Annotations {5.1.2.Final}
2022-01-24 00:07:03.721  INFO 4232 --- [restartedMain] com.zaxxer.hikari.HikariDataSource       : HikariPool-1 - Starting...
2022-01-24 00:07:04.012  INFO 4232 --- [restartedMain] com.zaxxer.hikari.HikariDataSource       : HikariPool-1 - Start completed.
2022-01-24 00:07:04.038  INFO 4232 --- [restartedMain] org.hibernate.dialect.Dialect            : HHH000400: Using dialect: org.hibernate.dialect.MySQL57Dialect
2022-01-24 00:07:05.152  INFO 4232 --- [restartedMain] o.h.e.t.j.p.i.JtaPlatformInitiator       : HHH000490: Using JtaPlatform implementation: [org.hibernate.engine.transaction.jta.platform.internal.NoJtaPlatform]
2022-01-24 00:07:05.162  INFO 4232 --- [restartedMain] j.LocalContainerEntityManagerFactoryBean : Initialized JPA EntityManagerFactory for persistence unit 'default'
2022-01-24 00:07:05.200  INFO 4232 --- [restartedMain] o.s.b.d.a.OptionalLiveReloadServer       : LiveReload server is running on port 35729
2022-01-24 00:07:06.179  WARN 4232 --- [restartedMain] JpaBaseConfiguration$JpaWebConfiguration : spring.jpa.open-in-view is enabled by default. Therefore, database queries may be performed during view rendering. Explicitly configure spring.jpa.open-in-view to disable this warning
2022-01-24 00:07:06.511 DEBUG 4232 --- [restartedMain] s.w.s.m.m.a.RequestMappingHandlerMapping : 9 mappings in 'requestMappingHandlerMapping'
2022-01-24 00:07:06.622  INFO 4232 --- [restartedMain] o.s.b.a.e.web.EndpointLinksResolver      : Exposing 2 endpoint(s) beneath base path '/actuator'
2022-01-24 00:07:06.767  INFO 4232 --- [restartedMain] .s.s.UserDetailsServiceAutoConfiguration : 

Using generated security password: 8d5513f1-ae17-44f5-9966-fd1bbc243fac

2022-01-24 00:07:06.858  INFO 4232 --- [restartedMain] o.s.s.web.DefaultSecurityFilterChain     : Will secure any request with [org.springframework.security.web.context.request.async.WebAsyncManagerIntegrationFilter@51b4b25c, org.springframework.security.web.context.SecurityContextPersistenceFilter@64524d4c, org.springframework.security.web.header.HeaderWriterFilter@3ec01c51, org.springframework.web.filter.CorsFilter@4ab7e1d6, org.springframework.security.web.authentication.logout.LogoutFilter@6413432e, org.springframework.security.web.savedrequest.RequestCacheAwareFilter@659a4c3c, org.springframework.security.web.servletapi.SecurityContextHolderAwareRequestFilter@2251697d, org.springframework.security.web.authentication.AnonymousAuthenticationFilter@36e30d4, org.springframework.security.web.session.SessionManagementFilter@33200bec, org.springframework.security.web.access.ExceptionTranslationFilter@148bbbc0, org.springframework.security.web.access.intercept.FilterSecurityInterceptor@7c0e3bf3]
2022-01-24 00:07:07.042  INFO 4232 --- [restartedMain] o.s.s.concurrent.ThreadPoolTaskExecutor  : Initializing ExecutorService 'applicationTaskExecutor'
2022-01-24 00:07:07.056 DEBUG 4232 --- [restartedMain] s.w.s.m.m.a.RequestMappingHandlerAdapter : ControllerAdvice beans: 0 @ModelAttribute, 0 @InitBinder, 1 RequestBodyAdvice, 1 ResponseBodyAdvice
2022-01-24 00:07:07.078  INFO 4232 --- [restartedMain] o.s.b.a.w.s.WelcomePageHandlerMapping    : Adding welcome page: class path resource [dist/index.html]
2022-01-24 00:07:07.096 DEBUG 4232 --- [restartedMain] o.s.w.s.handler.SimpleUrlHandlerMapping  : Patterns [/swagger-ui/] in 'viewControllerHandlerMapping'
2022-01-24 00:07:07.112 DEBUG 4232 --- [restartedMain] o.s.w.s.c.annotation.WebMvcConfigurer    : Default resource handling disabled
2022-01-24 00:07:07.306 DEBUG 4232 --- [restartedMain] o.s.w.s.handler.SimpleUrlHandlerMapping  : Patterns [/resources/**, /swagger-ui.html, /webjars/**, /css/**, /fonts/**, /icons/**, /img/**, /js/**, /swagger-ui/**] in 'resourceHandlerMapping'
2022-01-24 00:07:07.316 DEBUG 4232 --- [restartedMain] .m.m.a.ExceptionHandlerExceptionResolver : ControllerAdvice beans: 1 @ExceptionHandler, 1 ResponseBodyAdvice
2022-01-24 00:07:07.595  INFO 4232 --- [restartedMain] o.s.b.w.embedded.tomcat.TomcatWebServer  : Tomcat started on port(s): 8080 (http) with context path ''
2022-01-24 00:07:07.757  INFO 4232 --- [restartedMain] com.ssafy.GroupCallApplication           : Started GroupCallApplication in 8.205 seconds (JVM running for 9.493)
2022-01-24 00:07:07.877  INFO 4232 --- [RMI TCP Connection(3)-172.30.1.53] o.a.c.c.C.[Tomcat].[localhost].[/]       : Initializing Spring DispatcherServlet 'dispatcherServlet'
2022-01-24 00:07:07.877  INFO 4232 --- [RMI TCP Connection(3)-172.30.1.53] o.s.web.servlet.DispatcherServlet        : Initializing Servlet 'dispatcherServlet'
2022-01-24 00:07:07.877 DEBUG 4232 --- [RMI TCP Connection(3)-172.30.1.53] o.s.web.servlet.DispatcherServlet        : Detected StandardServletMultipartResolver
2022-01-24 00:07:07.877 DEBUG 4232 --- [RMI TCP Connection(3)-172.30.1.53] o.s.web.servlet.DispatcherServlet        : Detected AcceptHeaderLocaleResolver
2022-01-24 00:07:07.877 DEBUG 4232 --- [RMI TCP Connection(3)-172.30.1.53] o.s.web.servlet.DispatcherServlet        : Detected FixedThemeResolver
2022-01-24 00:07:07.879 DEBUG 4232 --- [RMI TCP Connection(3)-172.30.1.53] o.s.web.servlet.DispatcherServlet        : Detected org.springframework.web.servlet.view.DefaultRequestToViewNameTranslator@498a4f7d
2022-01-24 00:07:07.879 DEBUG 4232 --- [RMI TCP Connection(3)-172.30.1.53] o.s.web.servlet.DispatcherServlet        : Detected org.springframework.web.servlet.support.SessionFlashMapManager@3d5cb14e
2022-01-24 00:07:07.879 DEBUG 4232 --- [RMI TCP Connection(3)-172.30.1.53] o.s.web.servlet.DispatcherServlet        : enableLoggingRequestDetails='false': request parameters and headers will be masked to prevent unsafe logging of potentially sensitive data
2022-01-24 00:07:07.879  INFO 4232 --- [RMI TCP Connection(3)-172.30.1.53] o.s.web.servlet.DispatcherServlet        : Completed initialization in 2 ms
2022-01-24 00:07:28.964 DEBUG 4232 --- [http-nio-127.0.0.1-8080-exec-1] o.s.w.f.CommonsRequestLoggingFilter      : Before request [POST /api/v1/auth/join, client=127.0.0.1, headers=[host:"localhost:8080", connection:"keep-alive", content-length:"157", sec-ch-ua:""Whale";v="3", " Not;A Brand";v="99", "Chromium";v="96"", accept:"*/*", sec-ch-ua-mobile:"?0", user-agent:"Mozilla/5.0 (Windows NT 10.0; Win64; x64) AppleWebKit/537.36 (KHTML, like Gecko) Chrome/96.0.4664.110 Whale/3.12.129.46 Safari/537.36", sec-ch-ua-platform:""Windows"", origin:"http://localhost:8080", sec-fetch-site:"same-origin", sec-fetch-mode:"cors", sec-fetch-dest:"empty", referer:"http://localhost:8080/swagger-ui/index.html", accept-encoding:"gzip, deflate, br", accept-language:"ko-KR,ko;q=0.9,en-US;q=0.8,en;q=0.7", Content-Type:"application/json;charset=ISO-8859-1"]]
2022-01-24 00:07:28.966 DEBUG 4232 --- [http-nio-127.0.0.1-8080-exec-1] o.s.web.servlet.DispatcherServlet        : POST "/api/v1/auth/join", parameters={}
2022-01-24 00:07:28.967 DEBUG 4232 --- [http-nio-127.0.0.1-8080-exec-1] s.w.s.m.m.a.RequestMappingHandlerMapping : Mapped to com.ssafy.api.auth.controller.AuthController#join(AuthCreationRequestDto, HttpServletResponse)
2022-01-24 00:07:29.002 DEBUG 4232 --- [http-nio-127.0.0.1-8080-exec-1] m.m.a.RequestResponseBodyMethodProcessor : Read "application/json;charset=UTF-8" to [com.ssafy.api.auth.dto.request.AuthCreationRequestDto@63728edf]
2022-01-24 00:11:04.069  WARN 4232 --- [HikariPool-1 housekeeper] com.zaxxer.hikari.pool.HikariPool        : HikariPool-1 - Thread starvation or clock leap detected (housekeeper delta=3m59s952ms358µs500ns).
2022-01-24 00:11:04.391 DEBUG 4232 --- [http-nio-127.0.0.1-8080-exec-1] o.s.w.r.f.client.ExchangeFunctions       : [5f81f8f8] HTTP POST https://kapi.kakao.com/v2/user/me?secure_resource=false
2022-01-24 00:11:05.679 DEBUG 4232 --- [reactor-http-nio-2] o.s.w.r.f.client.ExchangeFunctions       : [5f81f8f8] [23b35e33-1] Response 400 BAD_REQUEST
2022-01-24 00:11:05.721 DEBUG 4232 --- [http-nio-127.0.0.1-8080-exec-1] o.s.web.servlet.DispatcherServlet        : Failed to complete request: java.lang.IllegalArgumentException: 액세스토큰실패
2022-01-24 00:11:05.722 DEBUG 4232 --- [http-nio-127.0.0.1-8080-exec-1] o.s.w.f.CommonsRequestLoggingFilter      : After request [POST /api/v1/auth/join, client=127.0.0.1, headers=[host:"localhost:8080", connection:"keep-alive", content-length:"157", sec-ch-ua:""Whale";v="3", " Not;A Brand";v="99", "Chromium";v="96"", accept:"*/*", sec-ch-ua-mobile:"?0", user-agent:"Mozilla/5.0 (Windows NT 10.0; Win64; x64) AppleWebKit/537.36 (KHTML, like Gecko) Chrome/96.0.4664.110 Whale/3.12.129.46 Safari/537.36", sec-ch-ua-platform:""Windows"", origin:"http://localhost:8080", sec-fetch-site:"same-origin", sec-fetch-mode:"cors", sec-fetch-dest:"empty", referer:"http://localhost:8080/swagger-ui/index.html", accept-encoding:"gzip, deflate, br", accept-language:"ko-KR,ko;q=0.9,en-US;q=0.8,en;q=0.7", Content-Type:"application/json;charset=UTF-8"], payload={
  "accessToken": "_A33kRQ7lo32vl_IvvAj6Fj0AT10luiOvxMAiUsZPN9j1mdJSHt8SJM5TLPiOnO2TTFqBAo9cpcAAAF-h3n6NA",
  "nickname": "string",
  "oauthType": "KAKAO"
}]
2022-01-24 00:11:07.855  INFO 4232 --- [SpringContextShutdownHook] o.s.s.concurrent.ThreadPoolTaskExecutor  : Shutting down ExecutorService 'applicationTaskExecutor'
2022-01-24 00:11:07.860  INFO 4232 --- [SpringContextShutdownHook] j.LocalContainerEntityManagerFactoryBean : Closing JPA EntityManagerFactory for persistence unit 'default'
2022-01-24 00:11:07.864  INFO 4232 --- [SpringContextShutdownHook] com.zaxxer.hikari.HikariDataSource       : HikariPool-1 - Shutdown initiated...
2022-01-24 00:11:07.872  INFO 4232 --- [SpringContextShutdownHook] com.zaxxer.hikari.HikariDataSource       : HikariPool-1 - Shutdown completed.
